<?xml version="1.0" encoding="UTF-8"?>
<!-- Generated by org.testng.reporters.JUnitReportReporter -->
<testsuite name="com.yantra.auto.yrms.scripts.RulesPage_Script" tests="3" time="42.898" ignored="0" failures="0" timestamp="09 Jan 2018 13:28:53 GMT" skipped="0" hostname="FT-DESKTOP-019" errors="0">
  <testcase name="testNavigateToAddRulePage" time="10.462" classname="com.yantra.auto.yrms.scripts.RulesPage_Script"/>
  <testcase name="testNavigateToRulesPage" time="17.055" classname="com.yantra.auto.yrms.scripts.RulesPage_Script"/>
  <testcase name="testMasterHolderNameRule" time="15.381" classname="com.yantra.auto.yrms.scripts.RulesPage_Script"/>
</testsuite> <!-- com.yantra.auto.yrms.scripts.RulesPage_Script -->
