<?xml version="1.0" encoding="UTF-8"?>
<!-- Generated by org.testng.reporters.JUnitReportReporter -->
<testsuite name="com.yantra.auto.yrms.scripts.HomePage_Script" tests="3" time="23.400" ignored="0" failures="0" timestamp="29 Dec 2017 10:54:22 GMT" skipped="0" hostname="FT-DESKTOP-019" errors="0">
  <testcase name="login" time="9.304" classname="com.yantra.auto.yrms.scripts.HomePage_Script"/>
  <testcase name="testLoadUrl" time="4.227" classname="com.yantra.auto.yrms.scripts.HomePage_Script"/>
  <testcase name="totalTransactionData" time="9.869" classname="com.yantra.auto.yrms.scripts.HomePage_Script"/>
</testsuite> <!-- com.yantra.auto.yrms.scripts.HomePage_Script -->
