<?xml version="1.0" encoding="UTF-8"?>
<!-- Generated by org.testng.reporters.JUnitReportReporter -->
<testsuite name="com.yantra.auto.yrms.scripts.TransactionDocument_Script" tests="2" time="20.652" ignored="0" failures="0" timestamp="29 Dec 2017 10:24:05 GMT" skipped="0" hostname="FT-DESKTOP-019" errors="0">
  <testcase name="navigateToTransactionDocument" time="14.260" classname="com.yantra.auto.yrms.scripts.TransactionDocument_Script"/>
  <testcase name="checkTotalTransactionCount" time="6.392" classname="com.yantra.auto.yrms.scripts.TransactionDocument_Script"/>
</testsuite> <!-- com.yantra.auto.yrms.scripts.TransactionDocument_Script -->
