<?xml version="1.0" encoding="UTF-8"?>
<!-- Generated by org.testng.reporters.JUnitReportReporter -->
<testsuite name="com.yantra.auto.yrms.scripts.HomePage_Script" tests="3" time="16.284" ignored="0" failures="0" timestamp="18 Dec 2017 14:34:15 GMT" skipped="0" hostname="FT-DESKTOP-019" errors="0">
  <testcase name="testLoadUrl" time="4.016" classname="com.yantra.auto.yrms.scripts.HomePage_Script"/>
  <testcase name="totalTransactionData" time="7.042" classname="com.yantra.auto.yrms.scripts.HomePage_Script"/>
  <testcase name="login" time="5.226" classname="com.yantra.auto.yrms.scripts.HomePage_Script"/>
</testsuite> <!-- com.yantra.auto.yrms.scripts.HomePage_Script -->
