<?xml version="1.0" encoding="UTF-8"?>
<!-- Generated by org.testng.reporters.JUnitReportReporter -->
<testsuite name="com.yantra.auto.yrms.scripts.TransactionDocument_Script" tests="1" time="9.259" ignored="0" failures="0" timestamp="18 Dec 2017 14:34:15 GMT" skipped="0" hostname="FT-DESKTOP-019" errors="0">
  <testcase name="navigateToTransactionDocument" time="9.259" classname="com.yantra.auto.yrms.scripts.TransactionDocument_Script"/>
</testsuite> <!-- com.yantra.auto.yrms.scripts.TransactionDocument_Script -->
