<?xml version="1.0" encoding="UTF-8"?>
<!-- Generated by org.testng.reporters.JUnitReportReporter -->
<testsuite hostname="FT-DESKTOP-019" name="com.test.TestDemo" tests="1" failures="0" timestamp="15 Oct 2016 11:20:34 GMT" time="0.015" errors="0">
  <testcase name="testEasy" time="0.015" classname="com.test.TestDemo"/>
</testsuite> <!-- com.test.TestDemo -->
