<?xml version="1.0" encoding="UTF-8"?>
<!-- Generated by org.testng.reporters.JUnitReportReporter -->
<testsuite hostname="FT-DESKTOP-019" name="com.testcase.loginTest" tests="3" failures="0" timestamp="25 Jun 2016 11:22:44 GMT" time="62.039" errors="0">
  <testcase name="logintestcase" time="7.468" classname="com.testcase.loginTest"/>
  <testcase name="editProfile" time="32.378" classname="com.testcase.loginTest"/>
  <testcase name="signin" time="22.193" classname="com.testcase.loginTest"/>
</testsuite> <!-- com.testcase.loginTest -->
