<?xml version="1.0" encoding="UTF-8"?>
<!-- Generated by org.testng.reporters.JUnitReportReporter -->
<testsuite name="com.yantra.auto.yrms.scripts.HomePage_Script" tests="3" time="4.556" ignored="0" failures="0" timestamp="02 Aug 2017 14:10:59 GMT" skipped="0" hostname="FT-DESKTOP-019" errors="0">
  <testcase name="login" time="1.309" classname="com.yantra.auto.yrms.scripts.HomePage_Script"/>
  <testcase name="totalTransactionData" time="3.078" classname="com.yantra.auto.yrms.scripts.HomePage_Script"/>
  <testcase name="testLoadUrl" time="0.169" classname="com.yantra.auto.yrms.scripts.HomePage_Script"/>
</testsuite> <!-- com.yantra.auto.yrms.scripts.HomePage_Script -->
