<?xml version="1.0" encoding="UTF-8"?>
<testsuite name="com.yantra.auto.yrms.scripts.Users_Script" tests="1" skipped="0" failures="0" errors="0" timestamp="2017-12-11T11:49:41" hostname="FT-DESKTOP-019" time="6.907">
  <properties/>
  <testcase name="navigateToUsersPage" classname="com.yantra.auto.yrms.scripts.Users_Script" time="6.907"/>
  <system-out><![CDATA[]]></system-out>
  <system-err><![CDATA[1512992981797	Marionette	DEBUG	Received DOM event "beforeunload" for "about:blank"
1512992981846	Marionette	DEBUG	Received DOM event "pagehide" for "about:blank"
1512992981847	Marionette	DEBUG	Received DOM event "unload" for "about:blank"
JavaScript warning: http://localhost:6080/YRMS/static/plugins/jquery-1.10.2.2/js/jquery/jquery-1.10.2.min.js, line 1: Using //@ to indicate sourceMappingURL pragmas is deprecated. Use //# instead
1512992981949	Marionette	DEBUG	Received DOM event "pageshow" for "http://localhost:6080/YRMS/"
1512992981961	Marionette	DEBUG	Received DOM event "DOMContentLoaded" for "http://localhost:6080/YRMS/"
JavaScript warning: http://localhost:6080/YRMS/static/plugins/jquery-1.10.2.2/js/jquery/jquery-1.10.2.min.js, line 1: Using //@ to indicate sourceMappingURL pragmas is deprecated. Use //# instead
1512992982072	Marionette	DEBUG	Received DOM event "DOMContentLoaded" for "http://localhost:6080/YRMS/login/auth"
1512992982075	Marionette	DEBUG	Received DOM event "pageshow" for "http://localhost:6080/YRMS/login/auth"
1512992982171	Marionette	DEBUG	Received DOM event "beforeunload" for "http://localhost:6080/YRMS/login/auth"
1512992982268	Marionette	DEBUG	Received DOM event "pagehide" for "http://localhost:6080/YRMS/login/auth"
1512992982269	Marionette	DEBUG	Received DOM event "unload" for "http://localhost:6080/YRMS/login/auth"
JavaScript warning: http://localhost:6080/YRMS/static/plugins/jquery-1.10.2.2/js/jquery/jquery-1.10.2.min.js, line 1: Using //@ to indicate sourceMappingURL pragmas is deprecated. Use //# instead
1512992982314	Marionette	DEBUG	Received DOM event "pageshow" for "http://localhost:6080/YRMS/"
1512992982337	Marionette	DEBUG	Received DOM event "DOMContentLoaded" for "http://localhost:6080/YRMS/"
JavaScript warning: http://localhost:6080/YRMS/static/plugins/jquery-1.10.2.2/js/jquery/jquery-1.10.2.min.js, line 1: Using //@ to indicate sourceMappingURL pragmas is deprecated. Use //# instead
1512992982445	Marionette	DEBUG	Received DOM event "DOMContentLoaded" for "http://localhost:6080/YRMS/search/index"
1512992982615	Marionette	DEBUG	Received DOM event "pageshow" for "http://localhost:6080/YRMS/search/index"
1512992982784	Marionette	DEBUG	Received DOM event "beforeunload" for "http://localhost:6080/YRMS/search/index"
1512992982848	Marionette	DEBUG	Received DOM event "pagehide" for "http://localhost:6080/YRMS/search/index"
1512992982848	Marionette	DEBUG	Received DOM event "unload" for "http://localhost:6080/YRMS/search/index"
JavaScript warning: http://localhost:6080/YRMS/static/plugins/jquery-1.10.2.2/js/jquery/jquery-1.10.2.min.js, line 1: Using //@ to indicate sourceMappingURL pragmas is deprecated. Use //# instead
1512992982900	Marionette	DEBUG	Received DOM event "pageshow" for "http://localhost:6080/YRMS/"
1512992982919	Marionette	DEBUG	Received DOM event "DOMContentLoaded" for "http://localhost:6080/YRMS/"
JavaScript warning: http://localhost:6080/YRMS/static/plugins/jquery-1.10.2.2/js/jquery/jquery-1.10.2.min.js, line 1: Using //@ to indicate sourceMappingURL pragmas is deprecated. Use //# instead
1512992983029	Marionette	DEBUG	Received DOM event "DOMContentLoaded" for "http://localhost:6080/YRMS/search/index"
1512992983075	Marionette	DEBUG	Received DOM event "pageshow" for "http://localhost:6080/YRMS/search/index"
1512992983525	Marionette	DEBUG	Received DOM event "popstate" for "http://localhost:6080/YRMS/search/index#"
1512992983586	Marionette	DEBUG	Received DOM event "beforeunload" for "http://localhost:6080/YRMS/search/index#"
1512992983617	Marionette	DEBUG	Received DOM event "pagehide" for "http://localhost:6080/YRMS/search/index#"
1512992983617	Marionette	DEBUG	Received DOM event "unload" for "http://localhost:6080/YRMS/search/index#"
JavaScript warning: http://localhost:6080/YRMS/static/plugins/jquery-1.10.2.2/js/jquery/jquery-1.10.2.min.js, line 1: Using //@ to indicate sourceMappingURL pragmas is deprecated. Use //# instead
1512992983683	Marionette	DEBUG	Received DOM event "DOMContentLoaded" for "http://localhost:6080/YRMS/user/index"
1512992983686	Marionette	DEBUG	Received DOM event "pageshow" for "http://localhost:6080/YRMS/user/index"
]]></system-err>
</testsuite>
