<?xml version="1.0" encoding="UTF-8"?>
<!-- Generated by org.testng.reporters.JUnitReportReporter -->
<testsuite name="com.yantra.auto.yrms.scripts.HomePage_Script" tests="1" time="0.006" ignored="0" failures="0" timestamp="14 Mar 2017 11:23:48 GMT" skipped="0" hostname="FT-DESKTOP-019" errors="0">
  <testcase name="test" time="0.006" classname="com.yantra.auto.yrms.scripts.HomePage_Script"/>
</testsuite> <!-- com.yantra.auto.yrms.scripts.HomePage_Script -->
