<?xml version="1.0" encoding="UTF-8"?>
<!-- Generated by org.testng.reporters.JUnitReportReporter -->
<testsuite hostname="FT-DESKTOP-019" name="com.yantra.test.selenium.BaseTest" tests="3" failures="0" timestamp="24 May 2018 11:49:29 GMT" time="1.754" errors="0">
  <testcase name="testNavigateToInstitutionPage" time="0.505" classname="com.yantra.test.selenium.BaseTest"/>
  <testcase name="testLoadPage" time="0.745" classname="com.yantra.test.selenium.BaseTest"/>
  <testcase name="testLogin" time="0.504" classname="com.yantra.test.selenium.BaseTest"/>
</testsuite> <!-- com.yantra.test.selenium.BaseTest -->
